G:\Projects\C++\HyperLight\Client\Debug\cl.command.1.tlog
G:\Projects\C++\HyperLight\Client\Debug\CL.read.1.tlog
G:\Projects\C++\HyperLight\Client\Debug\CL.write.1.tlog
G:\PROJECTS\C++\HYPERLIGHT\CLIENT\DEBUG\CLIENT.EXE.EMBED.MANIFEST
G:\PROJECTS\C++\HYPERLIGHT\CLIENT\DEBUG\CLIENT.EXE.EMBED.MANIFEST.RES
G:\PROJECTS\C++\HYPERLIGHT\CLIENT\DEBUG\CLIENT.EXE.INTERMEDIATE.MANIFEST
G:\PROJECTS\C++\HYPERLIGHT\CLIENT\DEBUG\CLIENT.OBJ
G:\PROJECTS\C++\HYPERLIGHT\CLIENT\DEBUG\CLIENT.PCH
G:\PROJECTS\C++\HYPERLIGHT\CLIENT\DEBUG\CLIENT.RES
G:\Projects\C++\HyperLight\Client\Debug\Client_manifest.rc
G:\Projects\C++\HyperLight\Client\Debug\link.1368.read.1.tlog
G:\Projects\C++\HyperLight\Client\Debug\link.1368.write.1.tlog
G:\Projects\C++\HyperLight\Client\Debug\link.1368-cvtres.read.1.tlog
G:\Projects\C++\HyperLight\Client\Debug\link.1368-cvtres.write.1.tlog
G:\Projects\C++\HyperLight\Client\Debug\link.6988.read.1.tlog
G:\Projects\C++\HyperLight\Client\Debug\link.6988.write.1.tlog
G:\Projects\C++\HyperLight\Client\Debug\link.6988-cvtres.read.1.tlog
G:\Projects\C++\HyperLight\Client\Debug\link.6988-cvtres.write.1.tlog
G:\Projects\C++\HyperLight\Client\Debug\link.command.1.tlog
G:\Projects\C++\HyperLight\Client\Debug\link.read.1.tlog
G:\Projects\C++\HyperLight\Client\Debug\link.write.1.tlog
G:\Projects\C++\HyperLight\Client\Debug\link-cvtres.read.1.tlog
G:\Projects\C++\HyperLight\Client\Debug\link-cvtres.write.1.tlog
G:\Projects\C++\HyperLight\Client\Debug\mt.command.1.tlog
G:\Projects\C++\HyperLight\Client\Debug\mt.read.1.tlog
G:\Projects\C++\HyperLight\Client\Debug\mt.write.1.tlog
G:\Projects\C++\HyperLight\Client\Debug\rc.command.1.tlog
G:\Projects\C++\HyperLight\Client\Debug\rc.read.1.tlog
G:\Projects\C++\HyperLight\Client\Debug\rc.write.1.tlog
G:\PROJECTS\C++\HYPERLIGHT\CLIENT\DEBUG\STDAFX.OBJ
G:\Projects\C++\HyperLight\Client\Debug\vc100.idb
G:\PROJECTS\C++\HYPERLIGHT\CLIENT\DEBUG\VC100.PDB
G:\PROJECTS\C++\HYPERLIGHT\DEBUG\CLIENT.EXE
G:\PROJECTS\C++\HYPERLIGHT\DEBUG\CLIENT.ILK
G:\PROJECTS\C++\HYPERLIGHT\DEBUG\CLIENT.PDB
