Build started 11/6/2013 11:27:36 PM.
     1>Project "G:\Projects\C++\DaGameEngine\DaGameEngine\DaGameEngine.vcxproj" on node 2 (build target(s)).
     1>InitializeBuildStatus:
         Creating "Debug\DaGameEngine.unsuccessfulbuild" because "AlwaysCreate" was specified.
       ClCompile:
         A:\Program Files (x86)\Microsoft Visual Studio 10.0\VC\bin\CL.exe /c /IG:\Projects\C++\API\BOOST\boost_1_54_0 /ZI /nologo /W3 /WX- /Od /Oy- /D WIN32 /D _DEBUG /D _WINDOWS /D _USRDLL /D DAGAMEENGINE_EXPORTS /D DGE_EXPORT /D _WINDLL /D _UNICODE /D UNICODE /Gm /EHsc /RTC1 /MDd /GS /fp:precise /Zc:wchar_t /Zc:forScope /Fo"Debug\\" /Fd"Debug\vc100.pdb" /Gd /TP /analyze- /errorReport:prompt DaWindow.cpp
         DaWindow.cpp
     1>g:\projects\c++\dagameengine\dagameengine\dakeymap.h(44): warning C4251: 'DGE::DaKeyMap::key_map' : class 'boost::unordered::unordered_map<K,T>' needs to have dll-interface to be used by clients of class 'DGE::DaKeyMap'
                 with
                 [
                     K=UINT,
                     T=gui::key_mapping
                 ]
     1>g:\projects\c++\dagameengine\dagameengine\dakeymap.h(45): warning C4251: 'DGE::DaKeyMap::key_map_iter' : struct 'boost::unordered::iterator_detail::iterator<Node>' needs to have dll-interface to be used by clients of class 'DGE::DaKeyMap'
                 with
                 [
                     Node=boost::unordered::detail::ptr_node<std::pair<const UINT,gui::key_mapping>>
                 ]
     1>g:\projects\c++\dagameengine\dagameengine\dawindow.cpp(117): warning C4554: '&' : check operator precedence for possible error; use parentheses to clarify precedence
       ResourceCompile:
         All outputs are up-to-date.
       ManifestResourceCompile:
         All outputs are up-to-date.
       Link:
         A:\Program Files (x86)\Microsoft Visual Studio 10.0\VC\bin\link.exe /ERRORREPORT:PROMPT /OUT:"G:\Projects\C++\DaGameEngine\Debug\DaGameEngine.dll" /INCREMENTAL /NOLOGO kernel32.lib user32.lib gdi32.lib winspool.lib comdlg32.lib advapi32.lib shell32.lib ole32.lib oleaut32.lib uuid.lib odbc32.lib odbccp32.lib /MANIFEST /ManifestFile:"Debug\DaGameEngine.dll.intermediate.manifest" /MANIFESTUAC:"level='asInvoker' uiAccess='false'" /DEBUG /PDB:"G:\Projects\C++\DaGameEngine\Debug\DaGameEngine.pdb" /SUBSYSTEM:WINDOWS /TLBID:1 /DYNAMICBASE /NXCOMPAT /IMPLIB:"G:\Projects\C++\DaGameEngine\Debug\DaGameEngine.lib" /MACHINE:X86 /DLL Debug\app.res
         Debug\DaGameEngine.dll.embed.manifest.res
         Debug\AssemblyInfo.obj
         Debug\DaGameEngine.obj
         Debug\DaKeyMap.obj
         Debug\DaWindow.obj
         Debug\Stdafx.obj
       Manifest:
         C:\Program Files (x86)\Microsoft SDKs\Windows\v7.0A\bin\mt.exe /nologo /verbose /out:"Debug\DaGameEngine.dll.embed.manifest" /manifest Debug\DaGameEngine.dll.intermediate.manifest
         All outputs are up-to-date.
       LinkEmbedManifest:
         All outputs are up-to-date.
         DaGameEngine.vcxproj -> G:\Projects\C++\DaGameEngine\Debug\DaGameEngine.dll
       PostBuildEvent:
         XCOPY *.h ..\includes\engine /Y
         :VCEnd
         G:DaGameEngine.h
         G:DaKeyCodes.h
         G:DaKeyMap.h
         G:DaWindow.h
         G:dge.h
         G:resource.h
         G:stdafx.h
         7 File(s) copied
       FinalizeBuildStatus:
         Deleting file "Debug\DaGameEngine.unsuccessfulbuild".
         Touching "Debug\DaGameEngine.lastbuildstate".
     1>Done Building Project "G:\Projects\C++\DaGameEngine\DaGameEngine\DaGameEngine.vcxproj" (build target(s)).

Build succeeded.

Time Elapsed 00:00:02.79
