G:\PROJECTS\C++\DAGAMEENGINE\DAGAMEENGINE\DEBUG\APP.RES
G:\PROJECTS\C++\DAGAMEENGINE\DAGAMEENGINE\DEBUG\ASSEMBLYINFO.OBJ
G:\Projects\C++\DaGameEngine\DaGameEngine\Debug\cl.command.1.tlog
G:\Projects\C++\DaGameEngine\DaGameEngine\Debug\CL.read.1.tlog
G:\Projects\C++\DaGameEngine\DaGameEngine\Debug\CL.write.1.tlog
G:\PROJECTS\C++\DAGAMEENGINE\DAGAMEENGINE\DEBUG\DAGAMEENGINE.DLL.EMBED.MANIFEST
G:\PROJECTS\C++\DAGAMEENGINE\DAGAMEENGINE\DEBUG\DAGAMEENGINE.DLL.EMBED.MANIFEST.RES
G:\PROJECTS\C++\DAGAMEENGINE\DAGAMEENGINE\DEBUG\DAGAMEENGINE.DLL.INTERMEDIATE.MANIFEST
G:\PROJECTS\C++\DAGAMEENGINE\DAGAMEENGINE\DEBUG\DAGAMEENGINE.OBJ
G:\PROJECTS\C++\DAGAMEENGINE\DAGAMEENGINE\DEBUG\DAGAMEENGINE.PCH
G:\Projects\C++\DaGameEngine\DaGameEngine\Debug\DaGameEngine.write.1.tlog
G:\Projects\C++\DaGameEngine\DaGameEngine\Debug\DaGameEngine_manifest.rc
G:\PROJECTS\C++\DAGAMEENGINE\DAGAMEENGINE\DEBUG\DAKEYMAP.OBJ
G:\PROJECTS\C++\DAGAMEENGINE\DAGAMEENGINE\DEBUG\DAKEYMAPNODE.OBJ
G:\PROJECTS\C++\DAGAMEENGINE\DAGAMEENGINE\DEBUG\DAWINDOW.OBJ
G:\Projects\C++\DaGameEngine\DaGameEngine\Debug\link.command.1.tlog
G:\Projects\C++\DaGameEngine\DaGameEngine\Debug\link.read.1.tlog
G:\Projects\C++\DaGameEngine\DaGameEngine\Debug\link.write.1.tlog
G:\Projects\C++\DaGameEngine\DaGameEngine\Debug\link-cvtres.read.1.tlog
G:\Projects\C++\DaGameEngine\DaGameEngine\Debug\link-cvtres.write.1.tlog
G:\Projects\C++\DaGameEngine\DaGameEngine\Debug\mt.command.1.tlog
G:\Projects\C++\DaGameEngine\DaGameEngine\Debug\mt.read.1.tlog
G:\Projects\C++\DaGameEngine\DaGameEngine\Debug\mt.write.1.tlog
G:\Projects\C++\DaGameEngine\DaGameEngine\Debug\rc.command.1.tlog
G:\Projects\C++\DaGameEngine\DaGameEngine\Debug\rc.read.1.tlog
G:\Projects\C++\DaGameEngine\DaGameEngine\Debug\rc.write.1.tlog
G:\PROJECTS\C++\DAGAMEENGINE\DAGAMEENGINE\DEBUG\STDAFX.OBJ
G:\Projects\C++\DaGameEngine\DaGameEngine\Debug\vc100.idb
G:\PROJECTS\C++\DAGAMEENGINE\DAGAMEENGINE\DEBUG\VC100.PDB
G:\PROJECTS\C++\DAGAMEENGINE\DEBUG\DAGAMEENGINE.DLL
G:\Projects\C++\DaGameEngine\Debug\DaGameEngine.exp
G:\PROJECTS\C++\DAGAMEENGINE\DEBUG\DAGAMEENGINE.ILK
G:\Projects\C++\DaGameEngine\Debug\DaGameEngine.lib
G:\PROJECTS\C++\DAGAMEENGINE\DEBUG\DAGAMEENGINE.PDB
