G:\PROJECTS\C++\HYPERLIGHT\DEBUG\ENGINE.DLL
G:\Projects\C++\HyperLight\Debug\Engine.exp
G:\PROJECTS\C++\HYPERLIGHT\DEBUG\ENGINE.ILK
G:\Projects\C++\HyperLight\Debug\Engine.lib
G:\PROJECTS\C++\HYPERLIGHT\DEBUG\ENGINE.PDB
G:\Projects\C++\HyperLight\Engine\Debug\cl.command.1.tlog
G:\Projects\C++\HyperLight\Engine\Debug\CL.read.1.tlog
G:\Projects\C++\HyperLight\Engine\Debug\CL.write.1.tlog
G:\PROJECTS\C++\HYPERLIGHT\ENGINE\DEBUG\CLOCK.OBJ
G:\PROJECTS\C++\HYPERLIGHT\ENGINE\DEBUG\DLLMAIN.OBJ
G:\PROJECTS\C++\HYPERLIGHT\ENGINE\DEBUG\ENGINE.DLL.EMBED.MANIFEST
G:\PROJECTS\C++\HYPERLIGHT\ENGINE\DEBUG\ENGINE.DLL.EMBED.MANIFEST.RES
G:\PROJECTS\C++\HYPERLIGHT\ENGINE\DEBUG\ENGINE.DLL.INTERMEDIATE.MANIFEST
G:\PROJECTS\C++\HYPERLIGHT\ENGINE\DEBUG\ENGINE.OBJ
G:\PROJECTS\C++\HYPERLIGHT\ENGINE\DEBUG\ENGINE.PCH
G:\PROJECTS\C++\HYPERLIGHT\ENGINE\DEBUG\ENGINE.RES
G:\Projects\C++\HyperLight\Engine\Debug\Engine.write.1.tlog
G:\Projects\C++\HyperLight\Engine\Debug\Engine_manifest.rc
G:\PROJECTS\C++\HYPERLIGHT\ENGINE\DEBUG\INPUT.OBJ
G:\Projects\C++\HyperLight\Engine\Debug\link.1388.read.1.tlog
G:\Projects\C++\HyperLight\Engine\Debug\link.1388.write.1.tlog
G:\Projects\C++\HyperLight\Engine\Debug\link.1388-cvtres.read.1.tlog
G:\Projects\C++\HyperLight\Engine\Debug\link.1388-cvtres.write.1.tlog
G:\Projects\C++\HyperLight\Engine\Debug\link.4648.read.1.tlog
G:\Projects\C++\HyperLight\Engine\Debug\link.4648.write.1.tlog
G:\Projects\C++\HyperLight\Engine\Debug\link.4648-cvtres.read.1.tlog
G:\Projects\C++\HyperLight\Engine\Debug\link.4648-cvtres.write.1.tlog
G:\Projects\C++\HyperLight\Engine\Debug\link.4852.read.1.tlog
G:\Projects\C++\HyperLight\Engine\Debug\link.4852.write.1.tlog
G:\Projects\C++\HyperLight\Engine\Debug\link.4852-cvtres.read.1.tlog
G:\Projects\C++\HyperLight\Engine\Debug\link.4852-cvtres.write.1.tlog
G:\Projects\C++\HyperLight\Engine\Debug\link.5444.read.1.tlog
G:\Projects\C++\HyperLight\Engine\Debug\link.5444.write.1.tlog
G:\Projects\C++\HyperLight\Engine\Debug\link.5444-cvtres.read.1.tlog
G:\Projects\C++\HyperLight\Engine\Debug\link.5444-cvtres.write.1.tlog
G:\Projects\C++\HyperLight\Engine\Debug\link.6328.read.1.tlog
G:\Projects\C++\HyperLight\Engine\Debug\link.6328.write.1.tlog
G:\Projects\C++\HyperLight\Engine\Debug\link.6328-cvtres.read.1.tlog
G:\Projects\C++\HyperLight\Engine\Debug\link.6328-cvtres.write.1.tlog
G:\Projects\C++\HyperLight\Engine\Debug\link.6484.read.1.tlog
G:\Projects\C++\HyperLight\Engine\Debug\link.6484.write.1.tlog
G:\Projects\C++\HyperLight\Engine\Debug\link.6484-cvtres.read.1.tlog
G:\Projects\C++\HyperLight\Engine\Debug\link.6484-cvtres.write.1.tlog
G:\Projects\C++\HyperLight\Engine\Debug\link.command.1.tlog
G:\Projects\C++\HyperLight\Engine\Debug\link.read.1.tlog
G:\Projects\C++\HyperLight\Engine\Debug\link.write.1.tlog
G:\Projects\C++\HyperLight\Engine\Debug\link-cvtres.read.1.tlog
G:\Projects\C++\HyperLight\Engine\Debug\link-cvtres.write.1.tlog
G:\Projects\C++\HyperLight\Engine\Debug\mt.command.1.tlog
G:\Projects\C++\HyperLight\Engine\Debug\mt.read.1.tlog
G:\Projects\C++\HyperLight\Engine\Debug\mt.write.1.tlog
G:\Projects\C++\HyperLight\Engine\Debug\rc.command.1.tlog
G:\Projects\C++\HyperLight\Engine\Debug\rc.read.1.tlog
G:\Projects\C++\HyperLight\Engine\Debug\rc.write.1.tlog
G:\PROJECTS\C++\HYPERLIGHT\ENGINE\DEBUG\STDAFX.OBJ
G:\Projects\C++\HyperLight\Engine\Debug\vc100.idb
G:\PROJECTS\C++\HYPERLIGHT\ENGINE\DEBUG\VC100.PDB
