Build started 11/14/2013 10:34:36 PM.
     1>Project "G:\Projects\C++\HyperLight\Engine\Engine.vcxproj" on node 2 (build target(s)).
     1>InitializeBuildStatus:
         Creating "Debug\Engine.unsuccessfulbuild" because "AlwaysCreate" was specified.
       ClCompile:
         A:\Program Files (x86)\Microsoft Visual Studio 10.0\VC\bin\CL.exe /c /ZI /nologo /W4 /WX- /Od /Oy- /D WIN32 /D _DEBUG /D _WINDOWS /D _USRDLL /D ENGINE_EXPORTS /D _WINDLL /D _UNICODE /D UNICODE /Gm /EHsc /RTC1 /MDd /GS /fp:precise /Zc:wchar_t /Zc:forScope /Yc"StdAfx.h" /Fp"Debug\Engine.pch" /Fo"Debug\\" /Fd"Debug\vc100.pdb" /Gd /TP /analyze- /errorReport:prompt stdafx.cpp
         stdafx.cpp
         A:\Program Files (x86)\Microsoft Visual Studio 10.0\VC\bin\CL.exe /c /ZI /nologo /W4 /WX- /Od /Oy- /D WIN32 /D _DEBUG /D _WINDOWS /D _USRDLL /D ENGINE_EXPORTS /D _WINDLL /D _UNICODE /D UNICODE /Gm /EHsc /RTC1 /MDd /GS /fp:precise /Zc:wchar_t /Zc:forScope /Yu"StdAfx.h" /Fp"Debug\Engine.pch" /Fo"Debug\\" /Fd"Debug\vc100.pdb" /Gd /TP /analyze- /errorReport:prompt Clock.cpp Engine.cpp input.cpp
         input.cpp
     1>g:\projects\c++\hyperlight\engine\input.h(24): warning C4172: returning address of local variable or temporary
         Engine.cpp
     1>g:\projects\c++\hyperlight\engine\input.h(24): warning C4172: returning address of local variable or temporary
         Clock.cpp
         Generating Code...
         A:\Program Files (x86)\Microsoft Visual Studio 10.0\VC\bin\CL.exe /c /ZI /nologo /W4 /WX- /Od /Oy- /D WIN32 /D _DEBUG /D _WINDOWS /D _USRDLL /D ENGINE_EXPORTS /D _WINDLL /D _UNICODE /D UNICODE /Gm /EHsc /RTC1 /MDd /GS /fp:precise /Zc:wchar_t /Zc:forScope /Fo"Debug\\" /Fd"Debug\vc100.pdb" /Gd /TP /analyze- /errorReport:prompt dllmain.cpp
         dllmain.cpp
       ResourceCompile:
         C:\Program Files (x86)\Microsoft SDKs\Windows\v7.0A\bin\rc.exe /D _UNICODE /D UNICODE /l"0x0409" /nologo /fo"Debug\Engine.res" Engine.rc 
       ManifestResourceCompile:
         C:\Program Files (x86)\Microsoft SDKs\Windows\v7.0A\bin\rc.exe /nologo /fo"Debug\Engine.dll.embed.manifest.res" Debug\Engine_manifest.rc 
       Link:
         A:\Program Files (x86)\Microsoft Visual Studio 10.0\VC\bin\link.exe /ERRORREPORT:PROMPT /OUT:"G:\Projects\C++\HyperLight\Debug\Engine.dll" /INCREMENTAL /NOLOGO kernel32.lib user32.lib gdi32.lib winspool.lib comdlg32.lib advapi32.lib shell32.lib ole32.lib oleaut32.lib uuid.lib odbc32.lib odbccp32.lib /MANIFEST /ManifestFile:"Debug\Engine.dll.intermediate.manifest" /MANIFESTUAC:"level='asInvoker' uiAccess='false'" /DEBUG /PDB:"G:\Projects\C++\HyperLight\Debug\Engine.pdb" /SUBSYSTEM:WINDOWS /TLBID:1 /DYNAMICBASE /NXCOMPAT /IMPLIB:"G:\Projects\C++\HyperLight\Debug\Engine.lib" /MACHINE:X86 /DLL Debug\Engine.res
         Debug\Engine.dll.embed.manifest.res
         Debug\Clock.obj
         Debug\dllmain.obj
         Debug\Engine.obj
         Debug\input.obj
         Debug\stdafx.obj
            Creating library G:\Projects\C++\HyperLight\Debug\Engine.lib and object G:\Projects\C++\HyperLight\Debug\Engine.exp
       Manifest:
         C:\Program Files (x86)\Microsoft SDKs\Windows\v7.0A\bin\mt.exe /nologo /verbose /out:"Debug\Engine.dll.embed.manifest" /manifest Debug\Engine.dll.intermediate.manifest
         C:\Program Files (x86)\Microsoft SDKs\Windows\v7.0A\bin\rc.exe /nologo /fo"Debug\Engine.dll.embed.manifest.res" Debug\Engine_manifest.rc 
       LinkEmbedManifest:
         A:\Program Files (x86)\Microsoft Visual Studio 10.0\VC\bin\link.exe /ERRORREPORT:PROMPT /OUT:"G:\Projects\C++\HyperLight\Debug\Engine.dll" /INCREMENTAL /NOLOGO kernel32.lib user32.lib gdi32.lib winspool.lib comdlg32.lib advapi32.lib shell32.lib ole32.lib oleaut32.lib uuid.lib odbc32.lib odbccp32.lib /MANIFEST /ManifestFile:"Debug\Engine.dll.intermediate.manifest" /MANIFESTUAC:"level='asInvoker' uiAccess='false'" /DEBUG /PDB:"G:\Projects\C++\HyperLight\Debug\Engine.pdb" /SUBSYSTEM:WINDOWS /TLBID:1 /DYNAMICBASE /NXCOMPAT /IMPLIB:"G:\Projects\C++\HyperLight\Debug\Engine.lib" /MACHINE:X86 /DLL Debug\Engine.res
         Debug\Engine.dll.embed.manifest.res
         Debug\Clock.obj
         Debug\dllmain.obj
         Debug\Engine.obj
         Debug\input.obj
         Debug\stdafx.obj
            Creating library G:\Projects\C++\HyperLight\Debug\Engine.lib and object G:\Projects\C++\HyperLight\Debug\Engine.exp
         Engine.vcxproj -> G:\Projects\C++\HyperLight\Debug\Engine.dll
       PostBuildEvent:
         XCOPY *.h G:\Projects\C++\HyperLight\includes\engine\ /Y
         :VCEnd
         G:clock.h
         G:defs.h
         G:engine.h
         G:hle.h
         G:input.h
         G:input_defs.h
         G:resource.h
         G:singleton.h
         G:stdafx.h
         G:targetver.h
         10 File(s) copied
       FinalizeBuildStatus:
         Deleting file "Debug\Engine.unsuccessfulbuild".
         Touching "Debug\Engine.lastbuildstate".
     1>Done Building Project "G:\Projects\C++\HyperLight\Engine\Engine.vcxproj" (build target(s)).

Build succeeded.

Time Elapsed 00:00:03.08
