Build started 11/6/2013 11:58:30 AM.
     1>Project "G:\Projects\C++\DaGameEngine\DaGameClient\DaGameClient.vcxproj" on node 3 (rebuild target(s)).
     1>_PrepareForClean:
         Deleting file "Debug\DaGameClient.lastbuildstate".
       InitializeBuildStatus:
         Creating "Debug\DaGameClient.unsuccessfulbuild" because "AlwaysCreate" was specified.
       ClCompile:
         A:\Program Files (x86)\Microsoft Visual Studio 10.0\VC\bin\CL.exe /c /I..\debug\includes /ZI /nologo /W3 /WX- /Od /Oy- /D _MBCS /Gm /EHsc /RTC1 /MDd /GS /fp:precise /Zc:wchar_t /Zc:forScope /Fo"Debug\\" /Fd"Debug\vc100.pdb" /Gd /TP /analyze- /errorReport:prompt Main.cpp
         Main.cpp
       Link:
         A:\Program Files (x86)\Microsoft Visual Studio 10.0\VC\bin\link.exe /ERRORREPORT:PROMPT /OUT:"G:\Projects\C++\DaGameEngine\Debug\DaGameClient.exe" /NOLOGO kernel32.lib user32.lib gdi32.lib winspool.lib comdlg32.lib advapi32.lib shell32.lib ole32.lib oleaut32.lib uuid.lib odbc32.lib odbccp32.lib /MANIFEST /ManifestFile:"Debug\DaGameClient.exe.intermediate.manifest" /MANIFESTUAC:"level='asInvoker' uiAccess='false'" /DEBUG /PDB:"G:\Projects\C++\DaGameEngine\Debug\DaGameClient.pdb" /TLBID:1 /DYNAMICBASE /NXCOMPAT /IMPLIB:"G:\Projects\C++\DaGameEngine\Debug\DaGameClient.lib" /MACHINE:X86 Debug\Main.obj
         G:\Projects\C++\DaGameEngine\Debug\DaGameEngine.lib
         DaGameClient.vcxproj -> G:\Projects\C++\DaGameEngine\Debug\DaGameClient.exe
       Manifest:
         C:\Program Files (x86)\Microsoft SDKs\Windows\v7.0A\bin\mt.exe /nologo /verbose /outputresource:"G:\Projects\C++\DaGameEngine\Debug\DaGameClient.exe;#1" /manifest Debug\DaGameClient.exe.intermediate.manifest
       FinalizeBuildStatus:
         Deleting file "Debug\DaGameClient.unsuccessfulbuild".
         Touching "Debug\DaGameClient.lastbuildstate".
     1>Done Building Project "G:\Projects\C++\DaGameEngine\DaGameClient\DaGameClient.vcxproj" (rebuild target(s)).

Build succeeded.

Time Elapsed 00:00:01.31
